{
  "query_block": {
    "select_id": 1,
    "cost_info": {
      "query_cost": "25.06"
    },
    "nested_loop": [
      {
        "table": {
          "table_name": "a",
          "access_type": "index",
          "possible_keys": [
            "PRIMARY",
            "dept_no"
          ],
          "key": "PRIMARY",
          "used_key_parts": [
            "emp_no",
            "dept_no"
          ],
          "key_length": "20",
          "rows_examined_per_scan": 24,
          "rows_produced_per_join": 24,
          "filtered": "100.00",
          "using_index": true,
          "loosescan": true,
          "cost_info": {
            "read_cost": "0.28",
            "eval_cost": "2.40",
            "prefix_cost": "2.68",
            "data_read_per_join": "768"
          },
          "used_columns": [
            "emp_no",
            "dept_no"
          ],
          "attached_condition": "(`employees`.`a`.`dept_no` >= 'd003')"
        }
      },
      {
        "table": {
          "table_name": "e",
          "access_type": "eq_ref",
          "possible_keys": [
            "PRIMARY"
          ],
          "key": "PRIMARY",
          "used_key_parts": [
            "emp_no"
          ],
          "key_length": "4",
          "ref": [
            "employees.a.emp_no"
          ],
          "rows_examined_per_scan": 1,
          "rows_produced_per_join": 1,
          "filtered": "100.00",
          "cost_info": {
            "read_cost": "19.98",
            "eval_cost": "0.10",
            "prefix_cost": "25.06",
            "data_read_per_join": "136"
          },
          "used_columns": [
            "emp_no",
            "birth_date",
            "first_name",
            "last_name",
            "gender",
            "hire_date"
          ]
        }
      }
    ]
  }
}
